<?xml version="1.0" encoding="UTF-8"?>
<!-- Generated by org.testng.reporters.JUnitReportReporter -->
<testsuite skipped="0" hostname="DESKTOP-RC24DNL" name="com.nopcommerce.tests.HomePageTest" tests="5" failures="0" timestamp="17 Jan 2021 16:45:52 GMT" time="4.630" errors="0">
  <testcase name="validatePageTitleTest" time="0.410" classname="com.nopcommerce.tests.HomePageTest"/>
  <testcase name="verifyLogoTest" time="0.992" classname="com.nopcommerce.tests.HomePageTest"/>
  <testcase name="verifyRegisterLinkTest" time="2.156" classname="com.nopcommerce.tests.HomePageTest"/>
  <testcase name="verifyLoginLinkTest" time="0.504" classname="com.nopcommerce.tests.HomePageTest"/>
  <testcase name="verifyWishlistLinkTest" time="0.568" classname="com.nopcommerce.tests.HomePageTest"/>
</testsuite> <!-- com.nopcommerce.tests.HomePageTest -->
