<?xml version="1.0" encoding="UTF-8"?>
<!-- Generated by org.testng.reporters.JUnitReportReporter -->
<testsuite skipped="0" hostname="DESKTOP-RC24DNL" name="com.nopcommerce.tests.SearchPageTest" tests="3" failures="0" timestamp="17 Jan 2021 16:45:52 GMT" time="1.606" errors="0">
  <testcase name="verifySearchPageNameTest" time="0.398" classname="com.nopcommerce.tests.SearchPageTest"/>
  <testcase name="verifyManufacturerDropDownListTest" time="1.131" classname="com.nopcommerce.tests.SearchPageTest"/>
  <testcase name="verifyManufacturersListTest" time="0.077" classname="com.nopcommerce.tests.SearchPageTest"/>
</testsuite> <!-- com.nopcommerce.tests.SearchPageTest -->
