<?xml version="1.0" encoding="UTF-8"?>
<!-- Generated by org.testng.reporters.JUnitReportReporter -->
<testsuite skipped="0" hostname="DESKTOP-RC24DNL" name="com.nopcommerce.tests.RegisterPageTest" tests="4" failures="0" timestamp="15 Jan 2021 01:53:18 GMT" time="67.202" errors="0">
  <testcase name="verifyRegisterPageNameTest" time="4.976" classname="com.nopcommerce.tests.RegisterPageTest"/>
  <testcase name="registerNewUserTest" time="20.129" classname="com.nopcommerce.tests.RegisterPageTest"/>
  <testcase name="registerNewUserTest" time="21.814" classname="com.nopcommerce.tests.RegisterPageTest"/>
  <testcase name="registerNewUserTest" time="20.283" classname="com.nopcommerce.tests.RegisterPageTest"/>
</testsuite> <!-- com.nopcommerce.tests.RegisterPageTest -->
