<?xml version="1.0" encoding="UTF-8"?>
<!-- Generated by org.testng.reporters.JUnitReportReporter -->
<testsuite skipped="0" hostname="DESKTOP-RC24DNL" name="com.nopcommerce.tests.LoginPageTest" tests="5" failures="0" timestamp="15 Jan 2021 01:53:18 GMT" time="5.710" errors="0">
  <testcase name="verifyLoginPageNameTest" time="2.086" classname="com.nopcommerce.tests.LoginPageTest"/>
  <testcase name="verifyLoginBtnStatusTest" time="0.067" classname="com.nopcommerce.tests.LoginPageTest"/>
  <testcase name="verifyRegisterBtnStatusTest" time="0.118" classname="com.nopcommerce.tests.LoginPageTest"/>
  <testcase name="validateUserLoginTest" time="1.947" classname="com.nopcommerce.tests.LoginPageTest"/>
  <testcase name="logoutTest" time="1.492" classname="com.nopcommerce.tests.LoginPageTest"/>
</testsuite> <!-- com.nopcommerce.tests.LoginPageTest -->
