<?xml version="1.0" encoding="UTF-8"?>
<!-- Generated by org.testng.reporters.JUnitReportReporter -->
<testsuite skipped="0" hostname="DESKTOP-RC24DNL" name="com.nopcommerce.tests.SearchPageTest" tests="3" failures="0" timestamp="15 Jan 2021 01:53:18 GMT" time="1.957" errors="0">
  <testcase name="verifySearchPageNameTest" time="0.355" classname="com.nopcommerce.tests.SearchPageTest"/>
  <testcase name="verifyManufacturerDropDownListTest" time="1.537" classname="com.nopcommerce.tests.SearchPageTest"/>
  <testcase name="verifyManufacturersListTest" time="0.065" classname="com.nopcommerce.tests.SearchPageTest"/>
</testsuite> <!-- com.nopcommerce.tests.SearchPageTest -->
