<?xml version="1.0" encoding="UTF-8"?>
<!-- Generated by org.testng.reporters.JUnitReportReporter -->
<testsuite skipped="0" hostname="DESKTOP-RC24DNL" name="com.nopcommerce.tests.RegisterPageTest" tests="4" failures="0" timestamp="17 Jan 2021 16:45:52 GMT" time="66.657" errors="0">
  <testcase name="verifyRegisterPageNameTest" time="3.654" classname="com.nopcommerce.tests.RegisterPageTest"/>
  <testcase name="registerNewUserTest" time="23.819" classname="com.nopcommerce.tests.RegisterPageTest"/>
  <testcase name="registerNewUserTest" time="19.426" classname="com.nopcommerce.tests.RegisterPageTest"/>
  <testcase name="registerNewUserTest" time="19.758" classname="com.nopcommerce.tests.RegisterPageTest"/>
</testsuite> <!-- com.nopcommerce.tests.RegisterPageTest -->
